0 info it worked if it ends with ok
1 verbose cli [ 'node', '/usr/local/bin/npm', 'install', 'formsy-react' ]
2 info using npm@3.3.12
3 info using node@v0.10.31
4 silly loadCurrentTree Starting
5 silly install loadCurrentTree
6 silly install readLocalPackageData
7 silly fetchPackageMetaData formsy-react
8 silly fetchNamedPackageData formsy-react
9 silly mapToRegistry name formsy-react
10 silly mapToRegistry using default registry
11 silly mapToRegistry registry https://registry.npmjs.org/
12 silly mapToRegistry uri https://registry.npmjs.org/formsy-react
13 verbose request uri https://registry.npmjs.org/formsy-react
14 verbose request no auth needed
15 info attempt registry request try #1 at 00:32:08
16 verbose request id e35d31a4db4bf2a1
17 http request GET https://registry.npmjs.org/formsy-react
18 http 200 https://registry.npmjs.org/formsy-react
19 verbose headers { server: 'CouchDB/1.5.0 (Erlang OTP/R16B03)',
19 verbose headers   etag: '"BKFUFY0YJGE6SXRK7H9QWM2SL"',
19 verbose headers   'content-type': 'application/json',
19 verbose headers   'cache-control': 'max-age=300',
19 verbose headers   'content-length': '61859',
19 verbose headers   'accept-ranges': 'bytes',
19 verbose headers   date: 'Mon, 25 Apr 2016 23:32:09 GMT',
19 verbose headers   via: '1.1 varnish',
19 verbose headers   age: '0',
19 verbose headers   connection: 'keep-alive',
19 verbose headers   'x-served-by': 'cache-lhr6333-LHR',
19 verbose headers   'x-cache': 'HIT',
19 verbose headers   'x-cache-hits': '1',
19 verbose headers   'x-timer': 'S1461627129.086039,VS0,VE353',
19 verbose headers   vary: 'Accept-Encoding' }
20 silly get cb [ 200,
20 silly get   { server: 'CouchDB/1.5.0 (Erlang OTP/R16B03)',
20 silly get     etag: '"BKFUFY0YJGE6SXRK7H9QWM2SL"',
20 silly get     'content-type': 'application/json',
20 silly get     'cache-control': 'max-age=300',
20 silly get     'content-length': '61859',
20 silly get     'accept-ranges': 'bytes',
20 silly get     date: 'Mon, 25 Apr 2016 23:32:09 GMT',
20 silly get     via: '1.1 varnish',
20 silly get     age: '0',
20 silly get     connection: 'keep-alive',
20 silly get     'x-served-by': 'cache-lhr6333-LHR',
20 silly get     'x-cache': 'HIT',
20 silly get     'x-cache-hits': '1',
20 silly get     'x-timer': 'S1461627129.086039,VS0,VE353',
20 silly get     vary: 'Accept-Encoding' } ]
21 verbose get saving formsy-react to /Users/nfelix/.npm/registry.npmjs.org/formsy-react/.cache.json
22 silly install normalizeTree
23 silly loadCurrentTree Finishing
24 silly loadIdealTree Starting
25 silly install loadIdealTree
26 silly cloneCurrentTree Starting
27 silly install cloneCurrentTreeToIdealTree
28 silly cloneCurrentTree Finishing
29 silly loadShrinkwrap Starting
30 silly install loadShrinkwrap
31 silly loadShrinkwrap Finishing
32 silly loadAllDepsIntoIdealTree Starting
33 silly install loadAllDepsIntoIdealTree
34 silly resolveWithNewModule formsy-react@0.18.0 checking installable status
35 silly cache add args [ 'formsy-react', null ]
36 verbose cache add spec formsy-react
37 silly cache add parsed spec { raw: 'formsy-react',
37 silly cache add   scope: null,
37 silly cache add   name: 'formsy-react',
37 silly cache add   rawSpec: '',
37 silly cache add   spec: '*',
37 silly cache add   type: 'range' }
38 silly addNamed formsy-react@*
39 verbose addNamed "*" is a valid semver range for formsy-react
40 silly addNameRange { name: 'formsy-react', range: '*', hasData: false }
41 silly mapToRegistry name formsy-react
42 silly mapToRegistry using default registry
43 silly mapToRegistry registry https://registry.npmjs.org/
44 silly mapToRegistry uri https://registry.npmjs.org/formsy-react
45 verbose addNameRange registry:https://registry.npmjs.org/formsy-react not in flight; fetching
46 verbose get https://registry.npmjs.org/formsy-react not expired, no request
47 silly addNameRange number 2 { name: 'formsy-react', range: '*', hasData: true }
48 silly addNameRange versions [ 'formsy-react',
48 silly addNameRange   [ '0.1.0',
48 silly addNameRange     '0.1.1',
48 silly addNameRange     '0.1.2',
48 silly addNameRange     '0.1.3',
48 silly addNameRange     '0.2.0',
48 silly addNameRange     '0.2.1',
48 silly addNameRange     '0.2.2',
48 silly addNameRange     '0.2.3',
48 silly addNameRange     '0.3.0',
48 silly addNameRange     '0.4.0',
48 silly addNameRange     '0.4.1',
48 silly addNameRange     '0.5.0',
48 silly addNameRange     '0.5.1',
48 silly addNameRange     '0.5.2',
48 silly addNameRange     '0.6.0',
48 silly addNameRange     '0.7.0',
48 silly addNameRange     '0.7.1',
48 silly addNameRange     '0.8.0',
48 silly addNameRange     '0.8.1',
48 silly addNameRange     '0.9.0',
48 silly addNameRange     '0.10.0',
48 silly addNameRange     '0.10.1',
48 silly addNameRange     '0.11.0',
48 silly addNameRange     '0.11.1',
48 silly addNameRange     '0.11.2',
48 silly addNameRange     '0.12.0',
48 silly addNameRange     '0.12.1',
48 silly addNameRange     '0.12.2',
48 silly addNameRange     '0.12.3',
48 silly addNameRange     '0.12.4',
48 silly addNameRange     '0.12.5',
48 silly addNameRange     '0.12.6',
48 silly addNameRange     '0.13.0',
48 silly addNameRange     '0.13.1',
48 silly addNameRange     '0.14.0',
48 silly addNameRange     '0.14.1',
48 silly addNameRange     '0.15.0',
48 silly addNameRange     '0.15.1',
48 silly addNameRange     '0.16.0',
48 silly addNameRange     '0.17.0',
48 silly addNameRange     '0.18.0' ] ]
49 silly addNamed formsy-react@0.18.0
50 verbose addNamed "0.18.0" is a plain semver version for formsy-react
51 silly mapToRegistry name formsy-react
52 silly mapToRegistry using default registry
53 silly mapToRegistry registry https://registry.npmjs.org/
54 silly mapToRegistry uri https://registry.npmjs.org/formsy-react
55 verbose addRemoteTarball https://registry.npmjs.org/formsy-react/-/formsy-react-0.18.0.tgz not in flight; adding
56 verbose addRemoteTarball [ 'https://registry.npmjs.org/formsy-react/-/formsy-react-0.18.0.tgz',
56 verbose addRemoteTarball   '3fafcd81ccaa2ebf1c25066372142eb9cf2b19fd' ]
57 info retry fetch attempt 1 at 00:32:09
58 info attempt registry request try #1 at 00:32:09
59 http fetch GET https://registry.npmjs.org/formsy-react/-/formsy-react-0.18.0.tgz
60 http fetch 200 https://registry.npmjs.org/formsy-react/-/formsy-react-0.18.0.tgz
61 silly fetchAndShaCheck shasum 3fafcd81ccaa2ebf1c25066372142eb9cf2b19fd
62 verbose addTmpTarball /var/folders/xz/z8rqly8j3mscjq4ft6j0fz1w0000gn/T/npm-11158-da58a29e/registry.npmjs.org/formsy-react/-/formsy-react-0.18.0.tgz not in flight; adding
63 verbose addTmpTarball already have metadata; skipping unpack for formsy-react@0.18.0
64 silly cache afterAdd formsy-react@0.18.0
65 verbose afterAdd /Users/nfelix/.npm/formsy-react/0.18.0/package/package.json not in flight; writing
66 verbose afterAdd /Users/nfelix/.npm/formsy-react/0.18.0/package/package.json written
67 silly fetchNamedPackageData form-data-to-object
68 silly mapToRegistry name form-data-to-object
69 silly mapToRegistry using default registry
70 silly mapToRegistry registry https://registry.npmjs.org/
71 silly mapToRegistry uri https://registry.npmjs.org/form-data-to-object
72 verbose request uri https://registry.npmjs.org/form-data-to-object
73 verbose request no auth needed
74 info attempt registry request try #1 at 00:32:09
75 http request GET https://registry.npmjs.org/form-data-to-object
76 http 200 https://registry.npmjs.org/form-data-to-object
77 verbose headers { server: 'CouchDB/1.5.0 (Erlang OTP/R16B03)',
77 verbose headers   etag: '"1TDD6JTV93F9BYUTYIOR71ST"',
77 verbose headers   'content-type': 'application/json',
77 verbose headers   'cache-control': 'max-age=300',
77 verbose headers   'content-length': '3688',
77 verbose headers   'accept-ranges': 'bytes',
77 verbose headers   date: 'Mon, 25 Apr 2016 23:32:09 GMT',
77 verbose headers   via: '1.1 varnish',
77 verbose headers   age: '0',
77 verbose headers   connection: 'keep-alive',
77 verbose headers   'x-served-by': 'cache-lhr6321-LHR',
77 verbose headers   'x-cache': 'HIT',
77 verbose headers   'x-cache-hits': '1',
77 verbose headers   'x-timer': 'S1461627129.898677,VS0,VE86',
77 verbose headers   vary: 'Accept-Encoding' }
78 silly get cb [ 200,
78 silly get   { server: 'CouchDB/1.5.0 (Erlang OTP/R16B03)',
78 silly get     etag: '"1TDD6JTV93F9BYUTYIOR71ST"',
78 silly get     'content-type': 'application/json',
78 silly get     'cache-control': 'max-age=300',
78 silly get     'content-length': '3688',
78 silly get     'accept-ranges': 'bytes',
78 silly get     date: 'Mon, 25 Apr 2016 23:32:09 GMT',
78 silly get     via: '1.1 varnish',
78 silly get     age: '0',
78 silly get     connection: 'keep-alive',
78 silly get     'x-served-by': 'cache-lhr6321-LHR',
78 silly get     'x-cache': 'HIT',
78 silly get     'x-cache-hits': '1',
78 silly get     'x-timer': 'S1461627129.898677,VS0,VE86',
78 silly get     vary: 'Accept-Encoding' } ]
79 verbose get saving form-data-to-object to /Users/nfelix/.npm/registry.npmjs.org/form-data-to-object/.cache.json
80 silly resolveWithNewModule form-data-to-object@0.2.0 checking installable status
81 silly cache add args [ 'form-data-to-object@^0.2.0', null ]
82 verbose cache add spec form-data-to-object@^0.2.0
83 silly cache add parsed spec { raw: 'form-data-to-object@^0.2.0',
83 silly cache add   scope: null,
83 silly cache add   name: 'form-data-to-object',
83 silly cache add   rawSpec: '^0.2.0',
83 silly cache add   spec: '>=0.2.0 <0.3.0',
83 silly cache add   type: 'range' }
84 silly addNamed form-data-to-object@>=0.2.0 <0.3.0
85 verbose addNamed ">=0.2.0 <0.3.0" is a valid semver range for form-data-to-object
86 silly addNameRange { name: 'form-data-to-object',
86 silly addNameRange   range: '>=0.2.0 <0.3.0',
86 silly addNameRange   hasData: false }
87 silly mapToRegistry name form-data-to-object
88 silly mapToRegistry using default registry
89 silly mapToRegistry registry https://registry.npmjs.org/
90 silly mapToRegistry uri https://registry.npmjs.org/form-data-to-object
91 verbose addNameRange registry:https://registry.npmjs.org/form-data-to-object not in flight; fetching
92 verbose get https://registry.npmjs.org/form-data-to-object not expired, no request
93 silly addNameRange number 2 { name: 'form-data-to-object',
93 silly addNameRange   range: '>=0.2.0 <0.3.0',
93 silly addNameRange   hasData: true }
94 silly addNameRange versions [ 'form-data-to-object', [ '0.1.0', '0.2.0' ] ]
95 silly addNamed form-data-to-object@0.2.0
96 verbose addNamed "0.2.0" is a plain semver version for form-data-to-object
97 silly mapToRegistry name form-data-to-object
98 silly mapToRegistry using default registry
99 silly mapToRegistry registry https://registry.npmjs.org/
100 silly mapToRegistry uri https://registry.npmjs.org/form-data-to-object
101 verbose addRemoteTarball https://registry.npmjs.org/form-data-to-object/-/form-data-to-object-0.2.0.tgz not in flight; adding
102 verbose addRemoteTarball [ 'https://registry.npmjs.org/form-data-to-object/-/form-data-to-object-0.2.0.tgz',
102 verbose addRemoteTarball   'f7a8e68ddd910a1100a65e25ac6a484143ff8168' ]
103 info retry fetch attempt 1 at 00:32:09
104 info attempt registry request try #1 at 00:32:09
105 http fetch GET https://registry.npmjs.org/form-data-to-object/-/form-data-to-object-0.2.0.tgz
106 http fetch 200 https://registry.npmjs.org/form-data-to-object/-/form-data-to-object-0.2.0.tgz
107 silly fetchAndShaCheck shasum f7a8e68ddd910a1100a65e25ac6a484143ff8168
108 verbose addTmpTarball /var/folders/xz/z8rqly8j3mscjq4ft6j0fz1w0000gn/T/npm-11158-da58a29e/registry.npmjs.org/form-data-to-object/-/form-data-to-object-0.2.0.tgz not in flight; adding
109 verbose addTmpTarball already have metadata; skipping unpack for form-data-to-object@0.2.0
110 silly cache afterAdd form-data-to-object@0.2.0
111 verbose afterAdd /Users/nfelix/.npm/form-data-to-object/0.2.0/package/package.json not in flight; writing
112 verbose afterAdd /Users/nfelix/.npm/form-data-to-object/0.2.0/package/package.json written
113 silly loadAllDepsIntoIdealTree Finishing
114 silly idealTree:prePrune react-tutorial@0.0.0
114 silly idealTree:prePrune ├── accepts@1.2.13
114 silly idealTree:prePrune ├── array-flatten@1.1.1
114 silly idealTree:prePrune ├── body-parser@1.15.0
114 silly idealTree:prePrune ├── bytes@2.2.0
114 silly idealTree:prePrune ├── content-disposition@0.5.1
114 silly idealTree:prePrune ├── content-type@1.0.1
114 silly idealTree:prePrune ├── cookie-signature@1.0.6
114 silly idealTree:prePrune ├── cookie@0.1.5
114 silly idealTree:prePrune ├── debug@2.2.0
114 silly idealTree:prePrune ├── depd@1.1.0
114 silly idealTree:prePrune ├── destroy@1.0.4
114 silly idealTree:prePrune ├── ee-first@1.1.1
114 silly idealTree:prePrune ├── escape-html@1.0.3
114 silly idealTree:prePrune ├── etag@1.7.0
114 silly idealTree:prePrune ├─┬ express@4.13.4
114 silly idealTree:prePrune │ └── qs@4.0.0
114 silly idealTree:prePrune ├── finalhandler@0.4.1
114 silly idealTree:prePrune ├── form-data-to-object@0.2.0
114 silly idealTree:prePrune ├── formsy-react@0.18.0
114 silly idealTree:prePrune ├── forwarded@0.1.0
114 silly idealTree:prePrune ├── fresh@0.3.0
114 silly idealTree:prePrune ├── http-errors@1.4.0
114 silly idealTree:prePrune ├── iconv-lite@0.4.13
114 silly idealTree:prePrune ├── inherits@2.0.1
114 silly idealTree:prePrune ├── ipaddr.js@1.0.5
114 silly idealTree:prePrune ├── media-typer@0.3.0
114 silly idealTree:prePrune ├── merge-descriptors@1.0.1
114 silly idealTree:prePrune ├── methods@1.1.2
114 silly idealTree:prePrune ├── mime-db@1.22.0
114 silly idealTree:prePrune ├── mime-types@2.1.10
114 silly idealTree:prePrune ├── mime@1.3.4
114 silly idealTree:prePrune ├── ms@0.7.1
114 silly idealTree:prePrune ├── negotiator@0.5.3
114 silly idealTree:prePrune ├── on-finished@2.3.0
114 silly idealTree:prePrune ├── parseurl@1.3.1
114 silly idealTree:prePrune ├── path-to-regexp@0.1.7
114 silly idealTree:prePrune ├── proxy-addr@1.0.10
114 silly idealTree:prePrune ├── qs@6.1.0
114 silly idealTree:prePrune ├── range-parser@1.0.3
114 silly idealTree:prePrune ├─┬ raw-body@2.1.6
114 silly idealTree:prePrune │ └── bytes@2.3.0
114 silly idealTree:prePrune ├─┬ send@0.13.1
114 silly idealTree:prePrune │ └── http-errors@1.3.1
114 silly idealTree:prePrune ├── serve-static@1.10.2
114 silly idealTree:prePrune ├── statuses@1.2.1
114 silly idealTree:prePrune ├── type-is@1.6.12
114 silly idealTree:prePrune ├── unpipe@1.0.0
114 silly idealTree:prePrune ├── utils-merge@1.0.0
114 silly idealTree:prePrune └── vary@1.0.1
115 silly loadIdealTree Finishing
116 silly currentTree react-tutorial@0.0.0
116 silly currentTree ├── accepts@1.2.13
116 silly currentTree ├── array-flatten@1.1.1
116 silly currentTree ├── body-parser@1.15.0
116 silly currentTree ├── bytes@2.2.0
116 silly currentTree ├── content-disposition@0.5.1
116 silly currentTree ├── content-type@1.0.1
116 silly currentTree ├── cookie-signature@1.0.6
116 silly currentTree ├── cookie@0.1.5
116 silly currentTree ├── debug@2.2.0
116 silly currentTree ├── depd@1.1.0
116 silly currentTree ├── destroy@1.0.4
116 silly currentTree ├── ee-first@1.1.1
116 silly currentTree ├── escape-html@1.0.3
116 silly currentTree ├── etag@1.7.0
116 silly currentTree ├─┬ express@4.13.4
116 silly currentTree │ └── qs@4.0.0
116 silly currentTree ├── finalhandler@0.4.1
116 silly currentTree ├── forwarded@0.1.0
116 silly currentTree ├── fresh@0.3.0
116 silly currentTree ├── http-errors@1.4.0
116 silly currentTree ├── iconv-lite@0.4.13
116 silly currentTree ├── inherits@2.0.1
116 silly currentTree ├── ipaddr.js@1.0.5
116 silly currentTree ├── media-typer@0.3.0
116 silly currentTree ├── merge-descriptors@1.0.1
116 silly currentTree ├── methods@1.1.2
116 silly currentTree ├── mime-db@1.22.0
116 silly currentTree ├── mime-types@2.1.10
116 silly currentTree ├── mime@1.3.4
116 silly currentTree ├── ms@0.7.1
116 silly currentTree ├── negotiator@0.5.3
116 silly currentTree ├── on-finished@2.3.0
116 silly currentTree ├── parseurl@1.3.1
116 silly currentTree ├── path-to-regexp@0.1.7
116 silly currentTree ├── proxy-addr@1.0.10
116 silly currentTree ├── qs@6.1.0
116 silly currentTree ├── range-parser@1.0.3
116 silly currentTree ├─┬ raw-body@2.1.6
116 silly currentTree │ └── bytes@2.3.0
116 silly currentTree ├─┬ send@0.13.1
116 silly currentTree │ └── http-errors@1.3.1
116 silly currentTree ├── serve-static@1.10.2
116 silly currentTree ├── statuses@1.2.1
116 silly currentTree ├── type-is@1.6.12
116 silly currentTree ├── unpipe@1.0.0
116 silly currentTree ├── utils-merge@1.0.0
116 silly currentTree └── vary@1.0.1
117 silly idealTree react-tutorial@0.0.0
117 silly idealTree ├── accepts@1.2.13
117 silly idealTree ├── array-flatten@1.1.1
117 silly idealTree ├── body-parser@1.15.0
117 silly idealTree ├── bytes@2.2.0
117 silly idealTree ├── content-disposition@0.5.1
117 silly idealTree ├── content-type@1.0.1
117 silly idealTree ├── cookie-signature@1.0.6
117 silly idealTree ├── cookie@0.1.5
117 silly idealTree ├── debug@2.2.0
117 silly idealTree ├── depd@1.1.0
117 silly idealTree ├── destroy@1.0.4
117 silly idealTree ├── ee-first@1.1.1
117 silly idealTree ├── escape-html@1.0.3
117 silly idealTree ├── etag@1.7.0
117 silly idealTree ├─┬ express@4.13.4
117 silly idealTree │ └── qs@4.0.0
117 silly idealTree ├── finalhandler@0.4.1
117 silly idealTree ├── form-data-to-object@0.2.0
117 silly idealTree ├── formsy-react@0.18.0
117 silly idealTree ├── forwarded@0.1.0
117 silly idealTree ├── fresh@0.3.0
117 silly idealTree ├── http-errors@1.4.0
117 silly idealTree ├── iconv-lite@0.4.13
117 silly idealTree ├── inherits@2.0.1
117 silly idealTree ├── ipaddr.js@1.0.5
117 silly idealTree ├── media-typer@0.3.0
117 silly idealTree ├── merge-descriptors@1.0.1
117 silly idealTree ├── methods@1.1.2
117 silly idealTree ├── mime-db@1.22.0
117 silly idealTree ├── mime-types@2.1.10
117 silly idealTree ├── mime@1.3.4
117 silly idealTree ├── ms@0.7.1
117 silly idealTree ├── negotiator@0.5.3
117 silly idealTree ├── on-finished@2.3.0
117 silly idealTree ├── parseurl@1.3.1
117 silly idealTree ├── path-to-regexp@0.1.7
117 silly idealTree ├── proxy-addr@1.0.10
117 silly idealTree ├── qs@6.1.0
117 silly idealTree ├── range-parser@1.0.3
117 silly idealTree ├─┬ raw-body@2.1.6
117 silly idealTree │ └── bytes@2.3.0
117 silly idealTree ├─┬ send@0.13.1
117 silly idealTree │ └── http-errors@1.3.1
117 silly idealTree ├── serve-static@1.10.2
117 silly idealTree ├── statuses@1.2.1
117 silly idealTree ├── type-is@1.6.12
117 silly idealTree ├── unpipe@1.0.0
117 silly idealTree ├── utils-merge@1.0.0
117 silly idealTree └── vary@1.0.1
118 silly generateActionsToTake Starting
119 silly install generateActionsToTake
120 warn checkPermissions Missing write access to /Users/nfelix/Documents/Git/curiousIncident/node_modules
121 silly rollbackFailedOptional Starting
122 silly rollbackFailedOptional Finishing
123 silly runTopLevelLifecycles Starting
124 silly runTopLevelLifecycles Finishing
125 silly install printInstalled
126 warn EPEERINVALID formsy-react@0.18.0 requires a peer of react@^0.14.0 || ^15.0.0 but none was installed.
127 warn EPACKAGEJSON react-tutorial@0.0.0 No license field.
128 verbose stack Error: EACCES, access '/Users/nfelix/Documents/Git/curiousIncident/node_modules'
128 verbose stack     at module.exports (/usr/local/lib/node_modules/npm/lib/install/access-error.js:4:18)
128 verbose stack     at /usr/local/lib/node_modules/npm/lib/install/writable.js:30:25
128 verbose stack     at /usr/local/lib/node_modules/npm/node_modules/graceful-fs/graceful-fs.js:230:16
128 verbose stack     at Object.oncomplete (fs.js:107:15)
129 verbose cwd /Users/nfelix/Documents/Git/curiousIncident
130 error Darwin 14.5.0
131 error argv "node" "/usr/local/bin/npm" "install" "formsy-react"
132 error node v0.10.31
133 error npm  v3.3.12
134 error path /Users/nfelix/Documents/Git/curiousIncident/node_modules
135 error code EACCES
136 error Error: EACCES, access '/Users/nfelix/Documents/Git/curiousIncident/node_modules'
136 error     at module.exports (/usr/local/lib/node_modules/npm/lib/install/access-error.js:4:18)
136 error     at /usr/local/lib/node_modules/npm/lib/install/writable.js:30:25
136 error     at /usr/local/lib/node_modules/npm/node_modules/graceful-fs/graceful-fs.js:230:16
136 error     at Object.oncomplete (fs.js:107:15)
136 error  { [Error: EACCES, access '/Users/nfelix/Documents/Git/curiousIncident/node_modules']
136 error   code: 'EACCES',
136 error   path: '/Users/nfelix/Documents/Git/curiousIncident/node_modules' }
137 error Please try running this command again as root/Administrator.
138 verbose exit [ 1, true ]
